<?xml version="1.0" encoding="UTF-8"?>
<!-- Generated by org.testng.reporters.JUnitXMLReporter -->
<testsuite hostname="mdmislam" ignored="0" name="Test" tests="5" failures="0" timestamp="24 Mar 2019 14:13:13 GMT" time="101.502" errors="0">
  <testcase name="Register_Test" time="26.881" classname="com.simplilearn.testcases.Register_Test"/>
  <testcase name="Sign_in_Invalid_Test" time="15.76" classname="com.simplilearn.testcases.Sign_in_Invalid_Test"/>
  <testcase name="sign_in_Test" time="18.459" classname="com.simplilearn.testcases.Sign_in_Test"/>
  <testcase name="Search_product_Test" time="19.697" classname="com.simplilearn.testcases.Search_product_Test"/>
  <testcase name="Editing_Profile_Test" time="20.455" classname="com.simplilearn.testcases.Editing_Profile_Test"/>
</testsuite> <!-- Test -->
